[
  {
    "_comment": "Malicious: mimikatz.exe execution — should trigger P0",
    "raw_log": "{\"EventID\":1,\"UtcTime\":\"2026-05-07 10:15:30.123\",\"ProcessId\":4892,\"Image\":\"C:\\\\Windows\\\\Temp\\\\mimikatz.exe\",\"CommandLine\":\"mimikatz.exe \\\"privilege::debug\\\" \\\"sekurlsa::logonpasswords\\\"\",\"User\":\"CORP\\\\admin\",\"ParentImage\":\"C:\\\\Windows\\\\System32\\\\cmd.exe\",\"ParentProcessId\":3100,\"Hashes\":\"SHA256=a1b2c3d4e5f6\"}",
    "expected": {
      "event_type": "PROCESS_CREATION",
      "process_name": "mimikatz.exe",
      "parent_process_name": "cmd.exe",
      "user_account": "CORP\\admin",
      "hostname": "WORKSTATION01",
      "severity_min": "P0",
      "triage_flags_contain": "dangerous_process"
    }
  },
  {
    "_comment": "Malicious: web shell — apache spawns cmd.exe",
    "raw_log": "{\"EventID\":1,\"UtcTime\":\"2026-05-07 10:16:00.000\",\"ProcessId\":5100,\"Image\":\"C:\\\\Windows\\\\System32\\\\cmd.exe\",\"CommandLine\":\"cmd.exe /c whoami\",\"User\":\"www-data\",\"ParentImage\":\"C:\\\\Program Files\\\\Apache\\\\apache2.exe\",\"ParentProcessId\":1200,\"Hashes\":\"SHA256=b2c3d4e5f6a7\"}",
    "expected": {
      "event_type": "PROCESS_CREATION",
      "process_name": "cmd.exe",
      "parent_process_name": "apache2.exe",
      "user_account": "www-data",
      "severity_min": "P1",
      "triage_flags_contain": "webshell"
    }
  },
  {
    "_comment": "Benign: notepad.exe — normal activity",
    "raw_log": "{\"EventID\":1,\"UtcTime\":\"2026-05-07 10:20:00.000\",\"ProcessId\":6200,\"Image\":\"C:\\\\Windows\\\\System32\\\\notepad.exe\",\"CommandLine\":\"notepad.exe report.txt\",\"User\":\"CORP\\\\jsmith\",\"ParentImage\":\"C:\\\\Windows\\\\explorer.exe\",\"ParentProcessId\":2000,\"Hashes\":\"SHA256=c3d4e5f6a7b8\"}",
    "expected": {
      "event_type": "PROCESS_CREATION",
      "process_name": "notepad.exe",
      "parent_process_name": "explorer.exe",
      "severity_min": "BENIGN"
    }
  },
  {
    "_comment": "Malformed: missing Image field",
    "raw_log": "{\"EventID\":1,\"UtcTime\":\"2026-05-07 10:25:00.000\",\"ProcessId\":7000,\"CommandLine\":\"unknown\",\"User\":\"SYSTEM\"}",
    "expected": {
      "event_type": "PROCESS_CREATION",
      "process_name": "unknown",
      "is_malformed": true
    }
  },
  {
    "_comment": "Null optional fields: no parent, no user",
    "raw_log": "{\"EventID\":1,\"UtcTime\":\"2026-05-07 10:30:00.000\",\"ProcessId\":8000,\"Image\":\"C:\\\\Windows\\\\System32\\\\svchost.exe\",\"CommandLine\":\"svchost.exe -k netsvcs\"}",
    "expected": {
      "event_type": "PROCESS_CREATION",
      "process_name": "svchost.exe",
      "parent_process_name": "unknown",
      "user_account": "unknown",
      "severity_min": "BENIGN"
    }
  }
]
